make.exe all --print-data-base --no-builtin-variables --no-builtin-rules --question
# GNU Make 3.81
# Copyright (C) 2006  Free Software Foundation, Inc.
# This is free software; see the source for copying conditions.
# There is NO warranty; not even for MERCHANTABILITY or FITNESS FOR A
# PARTICULAR PURPOSE.

# This program built for i686-pc-msys
 
Makefile:8: 
/make/project.mk: No such file or directory
make.exe: *** No rule to make target `/make/project.mk'.  Stop.


# Make data base, printed on Thu Apr 24 23:39:53 2025

# Variables

# automatic
<D = $(patsubst %/,%,$(dir $<))
# automatic
?F = $(notdir $?)
# environment
VSCODE_CRASH_REPORTER_PROCESS_TYPE = extensionHost
# makefile
MAKEFLAGS = Rrp
# automatic
?D = $(patsubst %/,%,$(dir $?))
# automatic
@D = $(patsubst %/,%,$(dir $@))
# environment
HOMEDRIVE = C:
# automatic
@F = $(notdir $@)
# automatic
^D = $(patsubst %/,%,$(dir $^))
# makefile
CURDIR := /c/Users/20541/Desktop/esp32s3_hx8369
# default
SHELL := /bin/sh
# environment
WINDIR = C:\WINDOWS
 
# environment
VSCODE_NLS_CONFIG = {"userLocale":"zh-cn","osLocale":"zh-cn","resolvedLanguage":"zh-cn","defaultMessagesFile":"E:\\software\\Microsoft VS Code\\resources\\app\\out\\nls.messages.json","languagePack":{"translationsConfigFile":"C:\\Users\\20541\\AppData\\Roaming\\Code\\clp\\e29fa1bf597cf39176d8202ce543e6d3.zh-cn\\tcf.json","messagesFile":"C:\\Users\\20541\\AppData\\Roaming\\Code\\clp\\e29fa1bf597cf39176d8202ce543e6d3.zh-cn\\17baf841131aa23349f217ca7c570c76ee87b957\\nls.messages.json","corruptMarkerFile":"C:\\Users\\20541\\AppData\\Roaming\\Code\\clp\\e29fa1bf597cf39176d8202ce543e6d3.zh-cn\\corrupted.info"},"locale":"zh-cn","availableLanguages":{"*":"zh-cn"},"_languagePackId":"e29fa1bf597cf39176d8202ce543e6d3.zh-cn","_languagePackSupport":true,"_translationsConfigFile":"C:\\Users\\20541\\AppData\\Roaming\\Code\\clp\\e29fa1bf597cf39176d8202ce543e6d3.zh-cn\\tcf.json","_cacheRoot":"C:\\Users\\20541\\AppData\\Roaming\\Code\\clp\\e29fa1bf597cf39176d8202ce543e6d3.zh-cn","_resolvedLanguagePackCoreLocation":"C:\\Users\\20541\\AppData\\Roaming\\Code\\clp\\e29fa1bf597cf39176d8202ce543e6d3.zh-cn\\17baf841131aa23349f217ca7c570c76ee87b957","_corruptedFile":"C:\\Users\\20541\\AppData\\Roaming\\Code\\clp\\e29fa1bf597cf39176d8202ce543e6d3.zh-cn\\corrupted.info"}
# environment
ONEDRIVE = C:\Users\20541\OneDrive
# environment
VSCODE_PID = 25092
# environment
PATHEXT = .COM;.EXE;.BAT;.CMD;.VBS;.VBE;.JS;.JSE;.WSF;.WSH;.MSC;.PY;.PYW
# makefile (from `Makefile', line 1)
MAKEFILE_LIST :=  Makefile
# environment
TMP = /tmp
# environment
PROGRAMW6432 = C:\Program Files
# environment
PROGRAMDATA = C:\ProgramData
# environment
VSCODE_CWD = C:\Users\20541\Desktop
# environment
PATH = /c/Users/20541/.vscode/extensions/cl.eide-3.21.1/res/tools/win32/unify_builder:/c/Users/20541/.eide/bin/builder/utils:/c/Users/20541/.eide/bin/scripts:/c/Users/20541/.vscode/extensions/cl.eide-3.21.1/res/tools/win32/7z:/c/Users/20541/.vscode/extensions/cl.eide-3.21.1/res/tools/win32/utils:/d/toochain/arm-gnu-toolchain-14.2/bin:/d/toochain/OpenOCD-20240916/bin:/usr/bin:/e/software/VMware/bin/:/e/software/python/Scripts/:/e/software/python/:/c/WINDOWS/system32:/c/WINDOWS:/c/WINDOWS/System32/Wbem:/c/WINDOWS/System32/WindowsPowerShell/v1.0/:/c/WINDOWS/System32/OpenSSH/:/c/Program Files/NVIDIA Corporation/NVIDIA App/NvDLISR:/c/Program Files (x86)/NVIDIA Corporation/PhysX/Common:/e/software/Git/cmd:/c/Program Files/dotnet/:/c/Program Files/Bandizip/:/c/Program Files/usbipd-win/:/d/toolchain/clang+llvm-19.1.7/bin:/c/Program Files (x86)/Windows Kits/10/Windows Performance Toolkit/:/d/toochain/ninja:/d/toochain/arm-gnu-toolchain-14.2/bin:/d/toochain/OpenOCD-20240916/bin:/d/toochain/CMake/bin:/c/Users/20541/AppData/Local/Microsoft/WindowsApps:/e/software/Microsoft VS Code/bin
# environment
COMMONPROGRAMW6432 = C:\Program Files\Common Files
# environment
PROCESSOR_ARCHITECTURE = x86
# environment
USERPROFILE = C:\Users\20541
# environment
!C: = c:\Users\20541\Desktop\esp32s3_hx8369
# environment
ALLUSERSPROFILE = C:\ProgramData
# environment
EIDE_BINARIES_VER = 12.0.1
# environment
NUMBER_OF_PROCESSORS = 16
# environment
ELECTRON_RUN_AS_NODE = 1
# default
.FEATURES := target-specific order-only second-expansion else-if archives jobserver check-symlink
# automatic
%F = $(notdir $%)
# environment
DOTNET_ROLL_FORWARD = Major
# environment
CHROME_CRASHPAD_PIPE_NAME = \\.\pipe\crashpad_25092_FPCBMNCXRCIFFBJO
# environment
COMPUTERNAME = PC-YUANHAO
# environment
PROGRAMFILES = C:\Program Files (x86)
# environment
DRIVERDATA = C:\Windows\System32\Drivers\DriverData
# environment
ORIGINAL_XDG_CURRENT_DESKTOP = undefined
# environment
USERNAME = 20541
# environment
PUBLIC = C:\Users\Public
# environment
VSCODE_CODE_CACHE_PATH = C:\Users\20541\AppData\Roaming\Code\CachedData\17baf841131aa23349f217ca7c570c76ee87b957
# environment
APPLICATION_INSIGHTS_NO_DIAGNOSTIC_CHANNEL = 1
# environment
COMMONPROGRAMFILES = C:\Program Files (x86)\Common Files
# environment
LOGONSERVER = \\PC-YUANHAO
# environment
ONEDRIVECONSUMER = C:\Users\20541\OneDrive
# environment
VSCODE_HANDLES_UNCAUGHT_ERRORS = true
# environment
USERDOMAIN = PC-YUANHAO
# environment
EIDE_TOOL_OPENOCD = D:\toochain\OpenOCD-20240916\bin
# default
MAKE = $(MAKE_COMMAND)
# default
MAKECMDGOALS := all
# environment
VSCODE_ESM_ENTRYPOINT = vs/workbench/api/node/extensionHostProcess
# default
MAKE_VERSION := 3.81
# environment
NODE_UNC_HOST_ALLOWLIST = wsl.localhost
# makefile
.DEFAULT_GOAL := 
# environment
PROGRAMFILES(X86) = C:\Program Files (x86)
# environment
EIDE_MSYS = C:\Users\20541\.eide\bin\builder\msys\bin
# automatic
%D = $(patsubst %/,%,$(dir $%))
# environment
LOCALAPPDATA = C:\Users\20541\AppData\Local
# environment
PSMODULEPATH = %ProgramFiles%\WindowsPowerShell\Modules;C:\WINDOWS\system32\WindowsPowerShell\v1.0\Modules
# default
MAKE_COMMAND := make.exe
# environment
PROCESSOR_ARCHITEW6432 = AMD64
# default
.VARIABLES := 
# automatic
*F = $(notdir $*)
# environment
PROCESSOR_IDENTIFIER = AMD64 Family 25 Model 80 Stepping 0, AuthenticAMD
# environment
OS = Windows_NT
# environment
VSCODE_IPC_HOOK = \\.\pipe\8884eb72-1.99.3-main-sock
# environment
HOMEPATH = \
# environment
COMMONPROGRAMFILES(X86) = C:\Program Files (x86)\Common Files
# environment
PROMPT = $P$G
# environment
MFLAGS = -Rrp
# automatic
*D = $(patsubst %/,%,$(dir $*))
# environment
SYSTEMROOT = C:\WINDOWS
# automatic
+D = $(patsubst %/,%,$(dir $+))
# environment
EIDE_TOOL_GCC_ARM = D:\toochain\arm-gnu-toolchain-14.2\bin
# environment
VSCODE_L10N_BUNDLE_LOCATION = file:///c%3A/Users/20541/.vscode/extensions/ms-ceintl.vscode-language-pack-zh-hans-1.99.2025041609/translations/extensions/vscode.markdown-language-features.i18n.json
# automatic
+F = $(notdir $+)
# environment
APPDATA = C:\Users\20541\AppData\Roaming
# environment
TEMP = /tmp
# environment
COMSPEC = C:\WINDOWS\system32\cmd.exe
# default
MAKEFILES := 
# automatic
<F = $(notdir $<)
# makefile (from `Makefile', line 6)
PROJECT_NAME := hello-world
# environment
LC_ALL = C
# automatic
^F = $(notdir $^)
# default
SUFFIXES := 
# environment
SYSTEMDRIVE = C:
# environment
PROCESSOR_REVISION = 5000
# default
.INCLUDE_DIRS = /usr/include /usr/include
# environment
MAKELEVEL := 0
# environment
OPENOCD_SCRIPTS = D:\toochain\OpenOCD-20240916\share\openocd\scripts
# environment
LANG = C
# environment
PROCESSOR_LEVEL = 25
# environment
TERM = cygwin
# environment
APPLICATIONINSIGHTS_CONFIGURATION_CONTENT = {}
# environment
DOTNET_CLI_TELEMETRY_OPTOUT = 1
# environment
USERDOMAIN_ROAMINGPROFILE = PC-YUANHAO
# variable set hash-table stats:
# Load=96/1024=9%, Rehash=0, Collisions=10/119=8%

# Pattern-specific Variable Values

# No pattern-specific variable values.

# Directories

# . (device -3378, inode 1900651): 14 files, no impossibilities.

# 14 files, no impossibilities in 1 directories.

# Implicit Rules

# No implicit rules.

# Files

# Not a target:
all:
#  Command-line target.
#  Implicit rule search has not been done.
#  Modification time never checked.
#  File has not been updated.

# Not a target:
.SUFFIXES:
#  Implicit rule search has not been done.
#  Modification time never checked.
#  File has not been updated.

# Not a target:
Makefile:
#  Implicit rule search has not been done.
 
#  Last modified 2024-09-05 16:39:17
#  File has not been updated.

# Not a target:
.DEFAULT:
#  Implicit rule search has not been done.
#  Modification time never checked.
#  File has not been updated.

# Not a target:
/make/project.mk:
#  Implicit rule search has been done.
#  File does not exist.
#  File has not been updated.
# variable set hash-table stats:
# Load=0/32=0%, Rehash=0, Collisions=0/0=0%

# files hash-table stats:
# Load=5/1024=0%, Rehash=0, Collisions=0/17=0%
# VPATH Search Paths

# No `vpath' search paths.

# No general (`VPATH' variable) search path.

# # of strings in strcache: 2
# # of strcache buffers: 1
# strcache size: total = 4096 / max = 4096 / min = 4096 / avg = 4096
# strcache free: total = 4070 / max = 4070 / min = 4070 / avg = 4070

# Finished Make data base on Thu Apr 24 23:39:53 2025

 
